------------------------------------------------------------------------------------------------------------------------
Exception message  : Your session has expired due to inactivity.
Your session has expired. You will have to restart the application. In order to keep sessions from expiring you may set the session timeout parameter to a higher value. The current session timeout value is 10 minutes.
Exception class    : EExpiredSession
Session ID         : XyAfynC0jjdKbXPoNwTsVt2rZIW
Exception address  : 00CD4152
Exception Time     : 2023-05-03 17:08:29.111
------------------------------------------------------------------------------------------------------------------------
Application Name   : ProjetoExample.exe
Application Version: 
Started at         : 2023-05-03 17:08:13.700
Running for        :  15 seconds
Computer Name      : DEVWEB
Compiler Version   : 350
------------------------------------------------------------------------------------------------------------------------
IntraWeb Version   : 15.3.4
Multi-session      : False
Content Path       : D:\Projetos\IntraWeb\Delphi-IntraWeb-Parametros\bin\wwwroot\
Session count      : 0
------------------------------------------------------------------------------------------------------------------------
Session ID         : XyAfynC0jjdKbXPoNwTsVt2rZIW
Client IP address  : 127.0.0.1
Request PathInfo   : /
Request Method     : GET
Request User Agent : Mozilla/5.0 (Windows NT 10.0; Win64; x64; rv:109.0) Gecko/20100101 Firefox/112.0
Cookies Count      : 2
------------------------------------------------------------------------------------------------------------------------
(0037314D){ProjetoExample.exe} [00CD414D] IWServerSession.TIWServerSession.GetSession$qqrx20System.UnicodeString (Line 1150, "IWServerSession.pas" + 19) + $16
(00372058){ProjetoExample.exe} [00CD3058] IWServerSession.TIWServerSession.ExecuteSession$qqrx20System.UnicodeString (Line 848, "IWServerSession.pas" + 36) + $6
(0035FD55){ProjetoExample.exe} [00CC0D55] IWServer.TIWServer.ExecuteUrl (Line 715, "IWServer.pas" + 99) + $6
(00360268){ProjetoExample.exe} [00CC1268] IWServer.TIWServer.Execute (Line 789, "IWServer.pas" + 17) + $6
(0036E9EF){ProjetoExample.exe} [00CCF9EF] IWServerSession.HttpExecute$qqrpuci (Line 98, "IWServerSession.pas" + 2) + $3
(00389505){ProjetoExample.exe} [00CEA505] IWHSysServer.TIWHSysWorker.ExecuteHook (Line 1136, "IWHSysServer.pas" + 4) + $C
(0038826A){ProjetoExample.exe} [00CE926A] IWHSysServer.TIWHSysWorker.ProcessRequest (Line 768, "IWHSysServer.pas" + 11) + $14
(00387D85){ProjetoExample.exe} [00CE8D85] IWHSysServer.TIWHSysThread.DoExecute (Line 650, "IWHSysServer.pas" + 13) + $B
(00387DFF){ProjetoExample.exe} [00CE8DFF] IWHSysServer.TIWHSysThread.Execute (Line 668, "IWHSysServer.pas" + 7) + $2
(000D5511){ProjetoExample.exe} [00A36511] System.Classes.ThreadProc$qqrxp22System.Classes.TThread (Line 15845, "System.Classes.pas" + 18) + $5
(0000A0D8){ProjetoExample.exe} [0096B0D8] System.ThreadWrapper$qqspv (Line 25778, "System.pas" + 45) + $0

------------------------------------------------------------------------------------------------------------------------
